<?xml version="1.0" encoding="UTF-8"?>
<testsuite name="com.hajdu.sp.competition.update.controller.CompetitionCommandControllerTest" tests="1" skipped="0" failures="1" errors="0" timestamp="2019-08-28T14:17:47" hostname="DESKTOP-0GU26HE" time="0.412">
  <properties/>
  <testcase name="testCreateCompetition" classname="com.hajdu.sp.competition.update.controller.CompetitionCommandControllerTest" time="0.412">
    <failure message="java.lang.AssertionError: Status expected:&lt;200&gt; but was:&lt;401&gt;" type="java.lang.AssertionError">java.lang.AssertionError: Status expected:&lt;200&gt; but was:&lt;401&gt;
	at org.springframework.test.util.AssertionErrors.fail(AssertionErrors.java:55)
	at org.springframework.test.util.AssertionErrors.assertEquals(AssertionErrors.java:82)
	at org.springframework.test.web.servlet.result.StatusResultMatchers.lambda$matcher$9(StatusResultMatchers.java:619)
	at org.springframework.test.web.servlet.MockMvc$1.andExpect(MockMvc.java:195)
	at com.hajdu.sp.competition.update.controller.CompetitionCommandControllerTest.obtainAccessToken(CompetitionCommandControllerTest.java:72)
	at com.hajdu.sp.competition.update.controller.CompetitionCommandControllerTest.testCreateCompetition(CompetitionCommandControllerTest.java:84)
	at java.base/jdk.internal.reflect.NativeMethodAccessorImpl.invoke0(Native Method)
	at java.base/jdk.internal.reflect.NativeMethodAccessorImpl.invoke(NativeMethodAccessorImpl.java:62)
	at java.base/jdk.internal.reflect.DelegatingMethodAccessorImpl.invoke(DelegatingMethodAccessorImpl.java:43)
	at java.base/java.lang.reflect.Method.invoke(Method.java:567)
	at org.junit.runners.model.FrameworkMethod$1.runReflectiveCall(FrameworkMethod.java:50)
	at org.junit.internal.runners.model.ReflectiveCallable.run(ReflectiveCallable.java:12)
	at org.junit.runners.model.FrameworkMethod.invokeExplosively(FrameworkMethod.java:47)
	at org.junit.internal.runners.statements.InvokeMethod.evaluate(InvokeMethod.java:17)
	at org.springframework.test.context.junit4.statements.RunBeforeTestExecutionCallbacks.evaluate(RunBeforeTestExecutionCallbacks.java:74)
	at org.springframework.test.context.junit4.statements.RunAfterTestExecutionCallbacks.evaluate(RunAfterTestExecutionCallbacks.java:84)
	at org.springframework.test.context.junit4.statements.RunBeforeTestMethodCallbacks.evaluate(RunBeforeTestMethodCallbacks.java:75)
	at org.springframework.test.context.junit4.statements.RunAfterTestMethodCallbacks.evaluate(RunAfterTestMethodCallbacks.java:86)
	at org.springframework.test.context.junit4.statements.SpringRepeat.evaluate(SpringRepeat.java:84)
	at org.junit.runners.ParentRunner.runLeaf(ParentRunner.java:325)
	at org.springframework.test.context.junit4.SpringJUnit4ClassRunner.runChild(SpringJUnit4ClassRunner.java:251)
	at org.springframework.test.context.junit4.SpringJUnit4ClassRunner.runChild(SpringJUnit4ClassRunner.java:97)
	at org.junit.runners.ParentRunner$3.run(ParentRunner.java:290)
	at org.junit.runners.ParentRunner$1.schedule(ParentRunner.java:71)
	at org.junit.runners.ParentRunner.runChildren(ParentRunner.java:288)
	at org.junit.runners.ParentRunner.access$000(ParentRunner.java:58)
	at org.junit.runners.ParentRunner$2.evaluate(ParentRunner.java:268)
	at org.springframework.test.context.junit4.statements.RunBeforeTestClassCallbacks.evaluate(RunBeforeTestClassCallbacks.java:61)
	at org.springframework.test.context.junit4.statements.RunAfterTestClassCallbacks.evaluate(RunAfterTestClassCallbacks.java:70)
	at org.junit.runners.ParentRunner.run(ParentRunner.java:363)
	at org.springframework.test.context.junit4.SpringJUnit4ClassRunner.run(SpringJUnit4ClassRunner.java:190)
	at org.gradle.api.internal.tasks.testing.junit.JUnitTestClassExecutor.runTestClass(JUnitTestClassExecutor.java:110)
	at org.gradle.api.internal.tasks.testing.junit.JUnitTestClassExecutor.execute(JUnitTestClassExecutor.java:58)
	at org.gradle.api.internal.tasks.testing.junit.JUnitTestClassExecutor.execute(JUnitTestClassExecutor.java:38)
	at org.gradle.api.internal.tasks.testing.junit.AbstractJUnitTestClassProcessor.processTestClass(AbstractJUnitTestClassProcessor.java:62)
	at org.gradle.api.internal.tasks.testing.SuiteTestClassProcessor.processTestClass(SuiteTestClassProcessor.java:51)
	at java.base/jdk.internal.reflect.NativeMethodAccessorImpl.invoke0(Native Method)
	at java.base/jdk.internal.reflect.NativeMethodAccessorImpl.invoke(NativeMethodAccessorImpl.java:62)
	at java.base/jdk.internal.reflect.DelegatingMethodAccessorImpl.invoke(DelegatingMethodAccessorImpl.java:43)
	at java.base/java.lang.reflect.Method.invoke(Method.java:567)
	at org.gradle.internal.dispatch.ReflectionDispatch.dispatch(ReflectionDispatch.java:36)
	at org.gradle.internal.dispatch.ReflectionDispatch.dispatch(ReflectionDispatch.java:24)
	at org.gradle.internal.dispatch.ContextClassLoaderDispatch.dispatch(ContextClassLoaderDispatch.java:33)
	at org.gradle.internal.dispatch.ProxyDispatchAdapter$DispatchingInvocationHandler.invoke(ProxyDispatchAdapter.java:94)
	at com.sun.proxy.$Proxy2.processTestClass(Unknown Source)
	at org.gradle.api.internal.tasks.testing.worker.TestWorker.processTestClass(TestWorker.java:118)
	at java.base/jdk.internal.reflect.NativeMethodAccessorImpl.invoke0(Native Method)
	at java.base/jdk.internal.reflect.NativeMethodAccessorImpl.invoke(NativeMethodAccessorImpl.java:62)
	at java.base/jdk.internal.reflect.DelegatingMethodAccessorImpl.invoke(DelegatingMethodAccessorImpl.java:43)
	at java.base/java.lang.reflect.Method.invoke(Method.java:567)
	at org.gradle.internal.dispatch.ReflectionDispatch.dispatch(ReflectionDispatch.java:36)
	at org.gradle.internal.dispatch.ReflectionDispatch.dispatch(ReflectionDispatch.java:24)
	at org.gradle.internal.remote.internal.hub.MessageHubBackedObjectConnection$DispatchWrapper.dispatch(MessageHubBackedObjectConnection.java:182)
	at org.gradle.internal.remote.internal.hub.MessageHubBackedObjectConnection$DispatchWrapper.dispatch(MessageHubBackedObjectConnection.java:164)
	at org.gradle.internal.remote.internal.hub.MessageHub$Handler.run(MessageHub.java:412)
	at org.gradle.internal.concurrent.ExecutorPolicy$CatchAndRecordFailures.onExecute(ExecutorPolicy.java:64)
	at org.gradle.internal.concurrent.ManagedExecutorImpl$1.run(ManagedExecutorImpl.java:48)
	at java.base/java.util.concurrent.ThreadPoolExecutor.runWorker(ThreadPoolExecutor.java:1128)
	at java.base/java.util.concurrent.ThreadPoolExecutor$Worker.run(ThreadPoolExecutor.java:628)
	at org.gradle.internal.concurrent.ThreadFactoryImpl$ManagedThreadRunnable.run(ThreadFactoryImpl.java:56)
	at java.base/java.lang.Thread.run(Thread.java:835)
</failure>
  </testcase>
  <system-out><![CDATA[16:17:38.277 [Test worker] DEBUG org.springframework.test.context.junit4.SpringJUnit4ClassRunner - SpringJUnit4ClassRunner constructor called with [class com.hajdu.sp.competition.update.controller.CompetitionCommandControllerTest]
16:17:38.284 [Test worker] DEBUG org.springframework.test.context.BootstrapUtils - Instantiating CacheAwareContextLoaderDelegate from class [org.springframework.test.context.cache.DefaultCacheAwareContextLoaderDelegate]
16:17:38.291 [Test worker] DEBUG org.springframework.test.context.BootstrapUtils - Instantiating BootstrapContext using constructor [public org.springframework.test.context.support.DefaultBootstrapContext(java.lang.Class,org.springframework.test.context.CacheAwareContextLoaderDelegate)]
16:17:38.309 [Test worker] DEBUG org.springframework.test.context.BootstrapUtils - Instantiating TestContextBootstrapper for test class [com.hajdu.sp.competition.update.controller.CompetitionCommandControllerTest] from class [org.springframework.boot.test.context.SpringBootTestContextBootstrapper]
16:17:38.319 [Test worker] INFO org.springframework.boot.test.context.SpringBootTestContextBootstrapper - Neither @ContextConfiguration nor @ContextHierarchy found for test class [com.hajdu.sp.competition.update.controller.CompetitionCommandControllerTest], using SpringBootContextLoader
16:17:38.330 [Test worker] DEBUG org.springframework.test.context.support.AbstractContextLoader - Did not detect default resource location for test class [com.hajdu.sp.competition.update.controller.CompetitionCommandControllerTest]: class path resource [com/hajdu/sp/competition/update/controller/CompetitionCommandControllerTest-context.xml] does not exist
16:17:38.330 [Test worker] DEBUG org.springframework.test.context.support.AbstractContextLoader - Did not detect default resource location for test class [com.hajdu.sp.competition.update.controller.CompetitionCommandControllerTest]: class path resource [com/hajdu/sp/competition/update/controller/CompetitionCommandControllerTestContext.groovy] does not exist
16:17:38.330 [Test worker] INFO org.springframework.test.context.support.AbstractContextLoader - Could not detect default resource locations for test class [com.hajdu.sp.competition.update.controller.CompetitionCommandControllerTest]: no resource found for suffixes {-context.xml, Context.groovy}.
16:17:38.331 [Test worker] INFO org.springframework.test.context.support.AnnotationConfigContextLoaderUtils - Could not detect default configuration classes for test class [com.hajdu.sp.competition.update.controller.CompetitionCommandControllerTest]: CompetitionCommandControllerTest does not declare any static, non-private, non-final, nested classes annotated with @Configuration.
16:17:38.452 [Test worker] DEBUG org.springframework.context.annotation.ClassPathScanningCandidateComponentProvider - Identified candidate component class: file [C:\Projects\mennyei\soccer-platform\competition-update\build\classes\java\main\com\hajdu\sp\competition\update\CompetitionUpdateApp.class]
16:17:38.454 [Test worker] INFO org.springframework.boot.test.context.SpringBootTestContextBootstrapper - Found @SpringBootConfiguration com.hajdu.sp.competition.update.CompetitionUpdateApp for test class com.hajdu.sp.competition.update.controller.CompetitionCommandControllerTest
16:17:38.568 [Test worker] DEBUG org.springframework.boot.test.context.SpringBootTestContextBootstrapper - @TestExecutionListeners is not present for class [com.hajdu.sp.competition.update.controller.CompetitionCommandControllerTest]: using defaults.
16:17:38.569 [Test worker] INFO org.springframework.boot.test.context.SpringBootTestContextBootstrapper - Loaded default TestExecutionListener class names from location [META-INF/spring.factories]: [org.springframework.security.test.context.support.WithSecurityContextTestExecutionListener, org.springframework.security.test.context.support.ReactorContextTestExecutionListener, org.springframework.boot.test.autoconfigure.restdocs.RestDocsTestExecutionListener, org.springframework.boot.test.autoconfigure.web.client.MockRestServiceServerResetTestExecutionListener, org.springframework.boot.test.autoconfigure.web.servlet.MockMvcPrintOnlyOnFailureTestExecutionListener, org.springframework.boot.test.autoconfigure.web.servlet.WebDriverTestExecutionListener, org.springframework.boot.test.mock.mockito.MockitoTestExecutionListener, org.springframework.boot.test.mock.mockito.ResetMocksTestExecutionListener, org.springframework.test.context.web.ServletTestExecutionListener, org.springframework.test.context.support.DirtiesContextBeforeModesTestExecutionListener, org.springframework.test.context.support.DependencyInjectionTestExecutionListener, org.springframework.test.context.support.DirtiesContextTestExecutionListener, org.springframework.test.context.transaction.TransactionalTestExecutionListener, org.springframework.test.context.jdbc.SqlScriptsTestExecutionListener]
16:17:38.588 [Test worker] INFO org.springframework.boot.test.context.SpringBootTestContextBootstrapper - Using TestExecutionListeners: [org.springframework.test.context.web.ServletTestExecutionListener@6cba0b1d, org.springframework.test.context.support.DirtiesContextBeforeModesTestExecutionListener@7da3859, org.springframework.boot.test.mock.mockito.MockitoTestExecutionListener@57e2117a, org.springframework.boot.test.autoconfigure.SpringBootDependencyInjectionTestExecutionListener@24ad026f, org.springframework.test.context.support.DirtiesContextTestExecutionListener@18730704, org.springframework.test.context.transaction.TransactionalTestExecutionListener@4ebdeca3, org.springframework.test.context.jdbc.SqlScriptsTestExecutionListener@9935dcf, org.springframework.security.test.context.support.WithSecurityContextTestExecutionListener@456188e8, org.springframework.security.test.context.support.ReactorContextTestExecutionListener@45aafc67, org.springframework.boot.test.autoconfigure.restdocs.RestDocsTestExecutionListener@6453d885, org.springframework.boot.test.autoconfigure.web.client.MockRestServiceServerResetTestExecutionListener@773d8ce5, org.springframework.boot.test.autoconfigure.web.servlet.MockMvcPrintOnlyOnFailureTestExecutionListener@3ed26c22, org.springframework.boot.test.autoconfigure.web.servlet.WebDriverTestExecutionListener@2c89f65b, org.springframework.boot.test.mock.mockito.ResetMocksTestExecutionListener@56e484bf]
16:17:38.591 [Test worker] DEBUG org.springframework.test.annotation.ProfileValueUtils - Retrieved @ProfileValueSourceConfiguration [null] for test class [com.hajdu.sp.competition.update.controller.CompetitionCommandControllerTest]
16:17:38.592 [Test worker] DEBUG org.springframework.test.annotation.ProfileValueUtils - Retrieved ProfileValueSource type [class org.springframework.test.annotation.SystemProfileValueSource] for class [com.hajdu.sp.competition.update.controller.CompetitionCommandControllerTest]
16:17:38.596 [Test worker] DEBUG org.springframework.test.annotation.ProfileValueUtils - Retrieved @ProfileValueSourceConfiguration [null] for test class [com.hajdu.sp.competition.update.controller.CompetitionCommandControllerTest]
16:17:38.597 [Test worker] DEBUG org.springframework.test.annotation.ProfileValueUtils - Retrieved ProfileValueSource type [class org.springframework.test.annotation.SystemProfileValueSource] for class [com.hajdu.sp.competition.update.controller.CompetitionCommandControllerTest]
16:17:38.597 [Test worker] DEBUG org.springframework.test.annotation.ProfileValueUtils - Retrieved @ProfileValueSourceConfiguration [null] for test class [com.hajdu.sp.competition.update.controller.CompetitionCommandControllerTest]
16:17:38.597 [Test worker] DEBUG org.springframework.test.annotation.ProfileValueUtils - Retrieved ProfileValueSource type [class org.springframework.test.annotation.SystemProfileValueSource] for class [com.hajdu.sp.competition.update.controller.CompetitionCommandControllerTest]
16:17:38.601 [Test worker] DEBUG org.springframework.test.context.support.AbstractDirtiesContextTestExecutionListener - Before test class: context [DefaultTestContext@656d1540 testClass = CompetitionCommandControllerTest, testInstance = [null], testMethod = [null], testException = [null], mergedContextConfiguration = [WebMergedContextConfiguration@1a33eb61 testClass = CompetitionCommandControllerTest, locations = '{}', classes = '{class com.hajdu.sp.competition.update.CompetitionUpdateApp}', contextInitializerClasses = '[]', activeProfiles = '{test}', propertySourceLocations = '{}', propertySourceProperties = '{org.springframework.boot.test.context.SpringBootTestContextBootstrapper=true}', contextCustomizers = set[org.springframework.boot.test.autoconfigure.properties.PropertyMappingContextCustomizer@e7e8512, org.springframework.boot.test.autoconfigure.web.servlet.WebDriverContextCustomizerFactory$Customizer@2e9f8a60, [ImportsContextCustomizer@2beee240 key = [org.springframework.boot.test.autoconfigure.web.servlet.MockMvcAutoConfiguration, org.springframework.boot.test.autoconfigure.web.servlet.MockMvcSecurityAutoConfiguration, org.springframework.boot.test.autoconfigure.web.servlet.MockMvcWebClientAutoConfiguration, org.springframework.boot.test.autoconfigure.web.servlet.MockMvcWebDriverAutoConfiguration]], org.springframework.boot.test.context.filter.ExcludeFilterContextCustomizer@16a88c9e, org.springframework.boot.test.json.DuplicateJsonObjectContextCustomizerFactory$DuplicateJsonObjectContextCustomizer@1fb61d4e, org.springframework.boot.test.mock.mockito.MockitoContextCustomizer@0, org.springframework.boot.test.web.client.TestRestTemplateContextCustomizer@76d8dcb3], resourceBasePath = 'src/main/webapp', contextLoader = 'org.springframework.boot.test.context.SpringBootContextLoader', parent = [null]], attributes = map['org.springframework.test.context.web.ServletTestExecutionListener.activateListener' -> true]], class annotated with @DirtiesContext [false] with mode [null].
16:17:38.602 [Test worker] DEBUG org.springframework.test.annotation.ProfileValueUtils - Retrieved @ProfileValueSourceConfiguration [null] for test class [com.hajdu.sp.competition.update.controller.CompetitionCommandControllerTest]
16:17:38.602 [Test worker] DEBUG org.springframework.test.annotation.ProfileValueUtils - Retrieved ProfileValueSource type [class org.springframework.test.annotation.SystemProfileValueSource] for class [com.hajdu.sp.competition.update.controller.CompetitionCommandControllerTest]
16:17:38.629 [Test worker] DEBUG org.springframework.test.context.support.TestPropertySourceUtils - Adding inlined properties to environment: {spring.jmx.enabled=false, org.springframework.boot.test.context.SpringBootTestContextBootstrapper=true, server.port=-1}
2019-08-28 16:17:39.561  INFO 10048 --- [    Test worker] trationDelegate$BeanPostProcessorChecker : Bean 'org.springframework.cloud.autoconfigure.ConfigurationPropertiesRebinderAutoConfiguration' of type [org.springframework.cloud.autoconfigure.ConfigurationPropertiesRebinderAutoConfiguration$$EnhancerBySpringCGLIB$$a264ad8d] is not eligible for getting processed by all BeanPostProcessors (for example: not eligible for auto-proxying)

  .   ____          _            __ _ _
 /\\ / ___'_ __ _ _(_)_ __  __ _ \ \ \ \
( ( )\___ | '_ | '_| | '_ \/ _` | \ \ \ \
 \\/  ___)| |_)| | | | | || (_| |  ) ) ) )
  '  |____| .__|_| |_|_| |_\__, | / / / /
 =========|_|==============|___/=/_/_/_/
 :: Spring Boot ::        (v2.1.2.RELEASE)

2019-08-28 16:17:40.025  INFO 10048 --- [    Test worker] c.c.c.ConfigServicePropertySourceLocator : Fetching config from server at : http://localhost:8888
2019-08-28 16:17:41.120  INFO 10048 --- [    Test worker] c.c.c.ConfigServicePropertySourceLocator : Connect Timeout Exception on Url - http://localhost:8888. Will be trying the next url if available
2019-08-28 16:17:41.121  WARN 10048 --- [    Test worker] c.c.c.ConfigServicePropertySourceLocator : Could not locate PropertySource: I/O error on GET request for "http://localhost:8888/competition-update/test": Connection refused: connect; nested exception is java.net.ConnectException: Connection refused: connect
2019-08-28 16:17:41.130  INFO 10048 --- [    Test worker] s.c.u.c.CompetitionCommandControllerTest : The following profiles are active: test
2019-08-28 16:17:42.062  WARN 10048 --- [    Test worker] o.s.boot.actuate.endpoint.EndpointId     : Endpoint ID 'service-registry' contains invalid characters, please migrate to a valid format.
2019-08-28 16:17:42.289  INFO 10048 --- [    Test worker] o.s.cloud.context.scope.GenericScope     : BeanFactory id=4cbf8719-df7f-38cc-9390-4caa3719fc81
2019-08-28 16:17:42.432  INFO 10048 --- [    Test worker] trationDelegate$BeanPostProcessorChecker : Bean 'org.springframework.transaction.annotation.ProxyTransactionManagementConfiguration' of type [org.springframework.transaction.annotation.ProxyTransactionManagementConfiguration$$EnhancerBySpringCGLIB$$864aaa90] is not eligible for getting processed by all BeanPostProcessors (for example: not eligible for auto-proxying)
2019-08-28 16:17:42.561  INFO 10048 --- [    Test worker] trationDelegate$BeanPostProcessorChecker : Bean 'io.eventuate.javaclient.spring.EventuateJavaClientDomainConfiguration' of type [io.eventuate.javaclient.spring.EventuateJavaClientDomainConfiguration$$EnhancerBySpringCGLIB$$edcd62a2] is not eligible for getting processed by all BeanPostProcessors (for example: not eligible for auto-proxying)
2019-08-28 16:17:42.579  INFO 10048 --- [    Test worker] trationDelegate$BeanPostProcessorChecker : Bean 'io.eventuate.javaclient.spring.common.EventuateCommonConfiguration' of type [io.eventuate.javaclient.spring.common.EventuateCommonConfiguration$$EnhancerBySpringCGLIB$$17a42ecd] is not eligible for getting processed by all BeanPostProcessors (for example: not eligible for auto-proxying)
2019-08-28 16:17:42.587  INFO 10048 --- [    Test worker] trationDelegate$BeanPostProcessorChecker : Bean 'io.eventuate.local.java.jdbckafkastore.EventuateLocalConfiguration' of type [io.eventuate.local.java.jdbckafkastore.EventuateLocalConfiguration$$EnhancerBySpringCGLIB$$6d327349] is not eligible for getting processed by all BeanPostProcessors (for example: not eligible for auto-proxying)
2019-08-28 16:17:42.615  INFO 10048 --- [    Test worker] trationDelegate$BeanPostProcessorChecker : Bean 'eventuateSchema' of type [io.eventuate.javaclient.spring.jdbc.EventuateSchema] is not eligible for getting processed by all BeanPostProcessors (for example: not eligible for auto-proxying)
2019-08-28 16:17:42.652  INFO 10048 --- [    Test worker] trationDelegate$BeanPostProcessorChecker : Bean 'dataSource' of type [org.springframework.aop.scope.ScopedProxyFactoryBean] is not eligible for getting processed by all BeanPostProcessors (for example: not eligible for auto-proxying)
2019-08-28 16:17:42.652  INFO 10048 --- [    Test worker] trationDelegate$BeanPostProcessorChecker : Bean 'dataSource' of type [com.zaxxer.hikari.HikariDataSource$$EnhancerBySpringCGLIB$$4b8edfdc] is not eligible for getting processed by all BeanPostProcessors (for example: not eligible for auto-proxying)
2019-08-28 16:17:42.676  INFO 10048 --- [    Test worker] trationDelegate$BeanPostProcessorChecker : Bean 'spring.datasource-org.springframework.boot.autoconfigure.jdbc.DataSourceProperties' of type [org.springframework.boot.autoconfigure.jdbc.DataSourceProperties] is not eligible for getting processed by all BeanPostProcessors (for example: not eligible for auto-proxying)
2019-08-28 16:17:42.686  INFO 10048 --- [    Test worker] trationDelegate$BeanPostProcessorChecker : Bean 'org.springframework.boot.autoconfigure.jdbc.DataSourceInitializerInvoker' of type [org.springframework.boot.autoconfigure.jdbc.DataSourceInitializerInvoker] is not eligible for getting processed by all BeanPostProcessors (for example: not eligible for auto-proxying)
2019-08-28 16:17:42.915  INFO 10048 --- [    Test worker] trationDelegate$BeanPostProcessorChecker : Bean 'eventuateJdbcAccess' of type [io.eventuate.local.java.jdbckafkastore.EventuateLocalJdbcAccess] is not eligible for getting processed by all BeanPostProcessors (for example: not eligible for auto-proxying)
2019-08-28 16:17:42.927  INFO 10048 --- [    Test worker] trationDelegate$BeanPostProcessorChecker : Bean 'eventuateLocalAggregateCrud' of type [io.eventuate.local.java.jdbckafkastore.EventuateLocalAggregateCrud] is not eligible for getting processed by all BeanPostProcessors (for example: not eligible for auto-proxying)
2019-08-28 16:17:42.932  INFO 10048 --- [    Test worker] trationDelegate$BeanPostProcessorChecker : Bean 'asyncAggregateCrud' of type [io.eventuate.javaclient.commonimpl.adapters.SyncToAsyncAggregateCrudAdapter] is not eligible for getting processed by all BeanPostProcessors (for example: not eligible for auto-proxying)
2019-08-28 16:17:42.940  INFO 10048 --- [    Test worker] trationDelegate$BeanPostProcessorChecker : Bean 'eventuateKafkaConfigurationProperties' of type [io.eventuate.local.java.kafka.EventuateKafkaConfigurationProperties] is not eligible for getting processed by all BeanPostProcessors (for example: not eligible for auto-proxying)
2019-08-28 16:17:42.945  INFO 10048 --- [    Test worker] trationDelegate$BeanPostProcessorChecker : Bean 'eventuate.local.kafka.consumer-io.eventuate.local.java.kafka.consumer.EventuateKafkaConsumerConfigurationProperties' of type [io.eventuate.local.java.kafka.consumer.EventuateKafkaConsumerConfigurationProperties] is not eligible for getting processed by all BeanPostProcessors (for example: not eligible for auto-proxying)
2019-08-28 16:17:42.949  INFO 10048 --- [    Test worker] trationDelegate$BeanPostProcessorChecker : Bean 'aggregateEvents' of type [io.eventuate.local.java.jdbckafkastore.EventuateKafkaAggregateSubscriptions] is not eligible for getting processed by all BeanPostProcessors (for example: not eligible for auto-proxying)
2019-08-28 16:17:42.957  INFO 10048 --- [    Test worker] trationDelegate$BeanPostProcessorChecker : Bean 'snapshotManager' of type [io.eventuate.SnapshotManagerImpl] is not eligible for getting processed by all BeanPostProcessors (for example: not eligible for auto-proxying)
2019-08-28 16:17:42.966  INFO 10048 --- [    Test worker] trationDelegate$BeanPostProcessorChecker : Bean 'aggregateEventStore' of type [io.eventuate.javaclient.commonimpl.EventuateAggregateStoreImpl] is not eligible for getting processed by all BeanPostProcessors (for example: not eligible for auto-proxying)
2019-08-28 16:17:42.984  INFO 10048 --- [    Test worker] trationDelegate$BeanPostProcessorChecker : Bean 'eventHandlerProcessorEventHandlerContextReturningVoid' of type [io.eventuate.javaclient.domain.EventHandlerProcessorEventHandlerContextReturningVoid] is not eligible for getting processed by all BeanPostProcessors (for example: not eligible for auto-proxying)
2019-08-28 16:17:42.992  INFO 10048 --- [    Test worker] trationDelegate$BeanPostProcessorChecker : Bean 'eventHandlerProcessorDispatchedEventReturningVoid' of type [io.eventuate.javaclient.domain.EventHandlerProcessorDispatchedEventReturningVoid] is not eligible for getting processed by all BeanPostProcessors (for example: not eligible for auto-proxying)
2019-08-28 16:17:42.997  INFO 10048 --- [    Test worker] trationDelegate$BeanPostProcessorChecker : Bean 'eventHandlerProcessorDispatchedEventReturningCompletableFuture' of type [io.eventuate.javaclient.domain.EventHandlerProcessorDispatchedEventReturningCompletableFuture] is not eligible for getting processed by all BeanPostProcessors (for example: not eligible for auto-proxying)
2019-08-28 16:17:43.004  INFO 10048 --- [    Test worker] trationDelegate$BeanPostProcessorChecker : Bean 'eventHandlerProcessorEventHandlerContextReturningCompletableFuture' of type [io.eventuate.javaclient.domain.EventHandlerProcessorEventHandlerContextReturningCompletableFuture] is not eligible for getting processed by all BeanPostProcessors (for example: not eligible for auto-proxying)
2019-08-28 16:17:43.010  INFO 10048 --- [    Test worker] trationDelegate$BeanPostProcessorChecker : Bean 'subscriptionsRegistry' of type [io.eventuate.javaclient.spring.SubscriptionsRegistry] is not eligible for getting processed by all BeanPostProcessors (for example: not eligible for auto-proxying)
2019-08-28 16:17:43.014  INFO 10048 --- [    Test worker] trationDelegate$BeanPostProcessorChecker : Bean 'eventDispatcherInitializer' of type [io.eventuate.javaclient.spring.EventDispatcherInitializer] is not eligible for getting processed by all BeanPostProcessors (for example: not eligible for auto-proxying)
2019-08-28 16:17:43.031  INFO 10048 --- [    Test worker] trationDelegate$BeanPostProcessorChecker : Bean 'org.springframework.hateoas.config.HateoasConfiguration' of type [org.springframework.hateoas.config.HateoasConfiguration$$EnhancerBySpringCGLIB$$5caf7c2] is not eligible for getting processed by all BeanPostProcessors (for example: not eligible for auto-proxying)
2019-08-28 16:17:43.043  INFO 10048 --- [    Test worker] trationDelegate$BeanPostProcessorChecker : Bean 'org.springframework.cloud.autoconfigure.ConfigurationPropertiesRebinderAutoConfiguration' of type [org.springframework.cloud.autoconfigure.ConfigurationPropertiesRebinderAutoConfiguration$$EnhancerBySpringCGLIB$$a264ad8d] is not eligible for getting processed by all BeanPostProcessors (for example: not eligible for auto-proxying)
2019-08-28 16:17:43.315  WARN 10048 --- [    Test worker] c.n.c.sources.URLConfigurationSource     : No URLs will be polled as dynamic configuration sources.
2019-08-28 16:17:43.315  INFO 10048 --- [    Test worker] c.n.c.sources.URLConfigurationSource     : To enable URLs as dynamic configuration sources, define System property archaius.configurationSource.additionalUrls or make config.properties available on classpath.
2019-08-28 16:17:43.328  INFO 10048 --- [    Test worker] c.netflix.config.DynamicPropertyFactory  : DynamicPropertyFactory is initialized with configuration sources: com.netflix.config.ConcurrentCompositeConfiguration@2c429777
2019-08-28 16:17:43.526  WARN 10048 --- [    Test worker] o.s.s.o.p.t.s.JwtAccessTokenConverter    : Unable to create an RSA verifier from verifierKey (ignoreable if using MAC)
2019-08-28 16:17:43.595 DEBUG 10048 --- [    Test worker] eGlobalAuthenticationAutowiredConfigurer : Eagerly initializing {securityConfig=com.hajdu.sp.competition.update.config.SecurityConfig$$EnhancerBySpringCGLIB$$e600b985@385a6d78}
2019-08-28 16:17:43.796 DEBUG 10048 --- [    Test worker] s.s.c.a.w.c.WebSecurityConfigurerAdapter : Using default configure(HttpSecurity). If subclassed this will potentially override subclass configure(HttpSecurity).
2019-08-28 16:17:43.885 DEBUG 10048 --- [    Test worker] edFilterInvocationSecurityMetadataSource : Adding web access control expression 'authenticated', for any request
2019-08-28 16:17:43.893 DEBUG 10048 --- [    Test worker] o.s.s.w.a.i.FilterSecurityInterceptor    : Validated configuration attributes
2019-08-28 16:17:43.894 DEBUG 10048 --- [    Test worker] o.s.s.w.a.i.FilterSecurityInterceptor    : Validated configuration attributes
2019-08-28 16:17:43.900  INFO 10048 --- [    Test worker] o.s.s.web.DefaultSecurityFilterChain     : Creating filter chain: any request, [org.springframework.security.web.context.request.async.WebAsyncManagerIntegrationFilter@5b81accc, org.springframework.security.web.context.SecurityContextPersistenceFilter@69da136a, org.springframework.security.web.header.HeaderWriterFilter@3c516a3c, org.springframework.security.web.authentication.logout.LogoutFilter@289c5127, org.springframework.security.oauth2.provider.authentication.OAuth2AuthenticationProcessingFilter@561c3a9b, org.springframework.security.web.savedrequest.RequestCacheAwareFilter@38871abb, org.springframework.security.web.servletapi.SecurityContextHolderAwareRequestFilter@4b838117, org.springframework.security.web.authentication.AnonymousAuthenticationFilter@a783fab, org.springframework.security.web.session.SessionManagementFilter@7f940f8d, org.springframework.security.web.access.ExceptionTranslationFilter@53a16525, org.springframework.security.web.access.intercept.FilterSecurityInterceptor@1a6d0b7d]
2019-08-28 16:17:43.934 DEBUG 10048 --- [    Test worker] edFilterInvocationSecurityMetadataSource : Adding web access control expression 'authenticated', for any request
2019-08-28 16:17:43.935 DEBUG 10048 --- [    Test worker] o.s.s.w.a.i.FilterSecurityInterceptor    : Validated configuration attributes
2019-08-28 16:17:43.935 DEBUG 10048 --- [    Test worker] o.s.s.w.a.i.FilterSecurityInterceptor    : Validated configuration attributes
2019-08-28 16:17:43.955  INFO 10048 --- [    Test worker] o.s.s.web.DefaultSecurityFilterChain     : Creating filter chain: any request, [org.springframework.security.web.context.request.async.WebAsyncManagerIntegrationFilter@36f98731, org.springframework.security.web.context.SecurityContextPersistenceFilter@21a0fd9a, org.springframework.security.web.header.HeaderWriterFilter@181b0721, org.springframework.security.web.csrf.CsrfFilter@1978b599, org.springframework.security.web.authentication.logout.LogoutFilter@32e12ae5, org.springframework.security.web.authentication.UsernamePasswordAuthenticationFilter@7db3c726, org.springframework.security.web.authentication.ui.DefaultLoginPageGeneratingFilter@179fe475, org.springframework.security.web.authentication.ui.DefaultLogoutPageGeneratingFilter@fa68164, org.springframework.security.web.authentication.www.BasicAuthenticationFilter@35ba991d, org.springframework.security.web.savedrequest.RequestCacheAwareFilter@e59311c, org.springframework.security.web.servletapi.SecurityContextHolderAwareRequestFilter@4ebb0df9, org.springframework.security.web.authentication.AnonymousAuthenticationFilter@6e3583fc, org.springframework.security.web.session.SessionManagementFilter@4413adc6, org.springframework.security.web.access.ExceptionTranslationFilter@10a7fe2c, org.springframework.security.web.access.intercept.FilterSecurityInterceptor@65cbf0b]
2019-08-28 16:17:44.258  WARN 10048 --- [    Test worker] c.n.c.sources.URLConfigurationSource     : No URLs will be polled as dynamic configuration sources.
2019-08-28 16:17:44.258  INFO 10048 --- [    Test worker] c.n.c.sources.URLConfigurationSource     : To enable URLs as dynamic configuration sources, define System property archaius.configurationSource.additionalUrls or make config.properties available on classpath.
2019-08-28 16:17:44.632  INFO 10048 --- [    Test worker] o.s.s.concurrent.ThreadPoolTaskExecutor  : Initializing ExecutorService 'applicationTaskExecutor'
2019-08-28 16:17:46.461  INFO 10048 --- [    Test worker] o.s.b.a.e.web.EndpointLinksResolver      : Exposing 2 endpoint(s) beneath base path '/actuator'
2019-08-28 16:17:46.625  INFO 10048 --- [    Test worker] o.s.b.t.m.w.SpringBootMockServletContext : Initializing Spring TestDispatcherServlet ''
2019-08-28 16:17:46.625  INFO 10048 --- [    Test worker] o.s.t.web.servlet.TestDispatcherServlet  : Initializing Servlet ''
2019-08-28 16:17:46.649  INFO 10048 --- [    Test worker] o.s.t.web.servlet.TestDispatcherServlet  : Completed initialization in 23 ms
2019-08-28 16:17:47.286  INFO 10048 --- [    Test worker] s.c.u.c.CompetitionCommandControllerTest : Started CompetitionCommandControllerTest in 8.646 seconds (JVM running for 9.795)
2019-08-28 16:17:47.625 DEBUG 10048 --- [    Test worker] o.s.security.web.FilterChainProxy        : /oauth/token at position 1 of 11 in additional filter chain; firing Filter: 'WebAsyncManagerIntegrationFilter'
2019-08-28 16:17:47.626 DEBUG 10048 --- [    Test worker] o.s.security.web.FilterChainProxy        : /oauth/token at position 2 of 11 in additional filter chain; firing Filter: 'SecurityContextPersistenceFilter'
2019-08-28 16:17:47.626 DEBUG 10048 --- [    Test worker] o.s.security.web.FilterChainProxy        : /oauth/token at position 3 of 11 in additional filter chain; firing Filter: 'HeaderWriterFilter'
2019-08-28 16:17:47.628 DEBUG 10048 --- [    Test worker] o.s.security.web.FilterChainProxy        : /oauth/token at position 4 of 11 in additional filter chain; firing Filter: 'LogoutFilter'
2019-08-28 16:17:47.628 DEBUG 10048 --- [    Test worker] o.s.s.web.util.matcher.OrRequestMatcher  : Trying to match using Ant [pattern='/logout', GET]
2019-08-28 16:17:47.628 DEBUG 10048 --- [    Test worker] o.s.s.w.u.matcher.AntPathRequestMatcher  : Request 'POST /oauth/token' doesn't match 'GET /logout'
2019-08-28 16:17:47.628 DEBUG 10048 --- [    Test worker] o.s.s.web.util.matcher.OrRequestMatcher  : Trying to match using Ant [pattern='/logout', POST]
2019-08-28 16:17:47.628 DEBUG 10048 --- [    Test worker] o.s.s.w.u.matcher.AntPathRequestMatcher  : Checking match of request : '/oauth/token'; against '/logout'
2019-08-28 16:17:47.629 DEBUG 10048 --- [    Test worker] o.s.s.web.util.matcher.OrRequestMatcher  : Trying to match using Ant [pattern='/logout', PUT]
2019-08-28 16:17:47.629 DEBUG 10048 --- [    Test worker] o.s.s.w.u.matcher.AntPathRequestMatcher  : Request 'POST /oauth/token' doesn't match 'PUT /logout'
2019-08-28 16:17:47.629 DEBUG 10048 --- [    Test worker] o.s.s.web.util.matcher.OrRequestMatcher  : Trying to match using Ant [pattern='/logout', DELETE]
2019-08-28 16:17:47.629 DEBUG 10048 --- [    Test worker] o.s.s.w.u.matcher.AntPathRequestMatcher  : Request 'POST /oauth/token' doesn't match 'DELETE /logout'
2019-08-28 16:17:47.629 DEBUG 10048 --- [    Test worker] o.s.s.web.util.matcher.OrRequestMatcher  : No matches found
2019-08-28 16:17:47.629 DEBUG 10048 --- [    Test worker] o.s.security.web.FilterChainProxy        : /oauth/token at position 5 of 11 in additional filter chain; firing Filter: 'OAuth2AuthenticationProcessingFilter'
2019-08-28 16:17:47.629 DEBUG 10048 --- [    Test worker] o.s.s.o.p.a.BearerTokenExtractor         : Token not found in headers. Trying request parameters.
2019-08-28 16:17:47.629 DEBUG 10048 --- [    Test worker] o.s.s.o.p.a.BearerTokenExtractor         : Token not found in request parameters.  Not an OAuth2 request.
2019-08-28 16:17:47.629 DEBUG 10048 --- [    Test worker] p.a.OAuth2AuthenticationProcessingFilter : No token in request, will continue chain.
2019-08-28 16:17:47.629 DEBUG 10048 --- [    Test worker] o.s.security.web.FilterChainProxy        : /oauth/token at position 6 of 11 in additional filter chain; firing Filter: 'RequestCacheAwareFilter'
2019-08-28 16:17:47.629 DEBUG 10048 --- [    Test worker] o.s.security.web.FilterChainProxy        : /oauth/token at position 7 of 11 in additional filter chain; firing Filter: 'SecurityContextHolderAwareRequestFilter'
2019-08-28 16:17:47.630 DEBUG 10048 --- [    Test worker] o.s.security.web.FilterChainProxy        : /oauth/token at position 8 of 11 in additional filter chain; firing Filter: 'AnonymousAuthenticationFilter'
2019-08-28 16:17:47.632 DEBUG 10048 --- [    Test worker] o.s.s.w.a.AnonymousAuthenticationFilter  : Populated SecurityContextHolder with anonymous token: 'org.springframework.security.authentication.AnonymousAuthenticationToken@4c4b509f: Principal: anonymousUser; Credentials: [PROTECTED]; Authenticated: true; Details: org.springframework.security.web.authentication.WebAuthenticationDetails@957e: RemoteIpAddress: 127.0.0.1; SessionId: null; Granted Authorities: ROLE_ANONYMOUS'
2019-08-28 16:17:47.632 DEBUG 10048 --- [    Test worker] o.s.security.web.FilterChainProxy        : /oauth/token at position 9 of 11 in additional filter chain; firing Filter: 'SessionManagementFilter'
2019-08-28 16:17:47.632 DEBUG 10048 --- [    Test worker] o.s.security.web.FilterChainProxy        : /oauth/token at position 10 of 11 in additional filter chain; firing Filter: 'ExceptionTranslationFilter'
2019-08-28 16:17:47.632 DEBUG 10048 --- [    Test worker] o.s.security.web.FilterChainProxy        : /oauth/token at position 11 of 11 in additional filter chain; firing Filter: 'FilterSecurityInterceptor'
2019-08-28 16:17:47.632 DEBUG 10048 --- [    Test worker] o.s.s.w.a.i.FilterSecurityInterceptor    : Secure object: FilterInvocation: URL: /oauth/token; Attributes: [#oauth2.throwOnError(authenticated)]
2019-08-28 16:17:47.633 DEBUG 10048 --- [    Test worker] o.s.s.w.a.i.FilterSecurityInterceptor    : Previously Authenticated: org.springframework.security.authentication.AnonymousAuthenticationToken@4c4b509f: Principal: anonymousUser; Credentials: [PROTECTED]; Authenticated: true; Details: org.springframework.security.web.authentication.WebAuthenticationDetails@957e: RemoteIpAddress: 127.0.0.1; SessionId: null; Granted Authorities: ROLE_ANONYMOUS
2019-08-28 16:17:47.640 DEBUG 10048 --- [    Test worker] o.s.s.access.vote.AffirmativeBased       : Voter: org.springframework.security.web.access.expression.WebExpressionVoter@4b22a695, returned: -1
2019-08-28 16:17:47.652 DEBUG 10048 --- [    Test worker] o.s.s.w.a.ExceptionTranslationFilter     : Access is denied (user is anonymous); redirecting to authentication entry point

org.springframework.security.access.AccessDeniedException: Access is denied
	at org.springframework.security.access.vote.AffirmativeBased.decide(AffirmativeBased.java:84) ~[spring-security-core-5.1.3.RELEASE.jar:5.1.3.RELEASE]
	at org.springframework.security.access.intercept.AbstractSecurityInterceptor.beforeInvocation(AbstractSecurityInterceptor.java:233) ~[spring-security-core-5.1.3.RELEASE.jar:5.1.3.RELEASE]
	at org.springframework.security.web.access.intercept.FilterSecurityInterceptor.invoke(FilterSecurityInterceptor.java:124) ~[spring-security-web-5.1.3.RELEASE.jar:5.1.3.RELEASE]
	at org.springframework.security.web.access.intercept.FilterSecurityInterceptor.doFilter(FilterSecurityInterceptor.java:91) ~[spring-security-web-5.1.3.RELEASE.jar:5.1.3.RELEASE]
	at org.springframework.security.web.FilterChainProxy$VirtualFilterChain.doFilter(FilterChainProxy.java:334) ~[spring-security-web-5.1.3.RELEASE.jar:5.1.3.RELEASE]
	at org.springframework.security.web.access.ExceptionTranslationFilter.doFilter(ExceptionTranslationFilter.java:119) ~[spring-security-web-5.1.3.RELEASE.jar:5.1.3.RELEASE]
	at org.springframework.security.web.FilterChainProxy$VirtualFilterChain.doFilter(FilterChainProxy.java:334) ~[spring-security-web-5.1.3.RELEASE.jar:5.1.3.RELEASE]
	at org.springframework.security.web.session.SessionManagementFilter.doFilter(SessionManagementFilter.java:137) ~[spring-security-web-5.1.3.RELEASE.jar:5.1.3.RELEASE]
	at org.springframework.security.web.FilterChainProxy$VirtualFilterChain.doFilter(FilterChainProxy.java:334) ~[spring-security-web-5.1.3.RELEASE.jar:5.1.3.RELEASE]
	at org.springframework.security.web.authentication.AnonymousAuthenticationFilter.doFilter(AnonymousAuthenticationFilter.java:111) ~[spring-security-web-5.1.3.RELEASE.jar:5.1.3.RELEASE]
	at org.springframework.security.web.FilterChainProxy$VirtualFilterChain.doFilter(FilterChainProxy.java:334) ~[spring-security-web-5.1.3.RELEASE.jar:5.1.3.RELEASE]
	at org.springframework.security.web.servletapi.SecurityContextHolderAwareRequestFilter.doFilter(SecurityContextHolderAwareRequestFilter.java:170) ~[spring-security-web-5.1.3.RELEASE.jar:5.1.3.RELEASE]
	at org.springframework.security.web.FilterChainProxy$VirtualFilterChain.doFilter(FilterChainProxy.java:334) ~[spring-security-web-5.1.3.RELEASE.jar:5.1.3.RELEASE]
	at org.springframework.security.web.savedrequest.RequestCacheAwareFilter.doFilter(RequestCacheAwareFilter.java:63) ~[spring-security-web-5.1.3.RELEASE.jar:5.1.3.RELEASE]
	at org.springframework.security.web.FilterChainProxy$VirtualFilterChain.doFilter(FilterChainProxy.java:334) ~[spring-security-web-5.1.3.RELEASE.jar:5.1.3.RELEASE]
	at org.springframework.security.oauth2.provider.authentication.OAuth2AuthenticationProcessingFilter.doFilter(OAuth2AuthenticationProcessingFilter.java:176) ~[spring-security-oauth2-2.3.4.RELEASE.jar:na]
	at org.springframework.security.web.FilterChainProxy$VirtualFilterChain.doFilter(FilterChainProxy.java:334) ~[spring-security-web-5.1.3.RELEASE.jar:5.1.3.RELEASE]
	at org.springframework.security.web.authentication.logout.LogoutFilter.doFilter(LogoutFilter.java:116) ~[spring-security-web-5.1.3.RELEASE.jar:5.1.3.RELEASE]
	at org.springframework.security.web.FilterChainProxy$VirtualFilterChain.doFilter(FilterChainProxy.java:334) ~[spring-security-web-5.1.3.RELEASE.jar:5.1.3.RELEASE]
	at org.springframework.security.web.header.HeaderWriterFilter.doFilterInternal(HeaderWriterFilter.java:74) ~[spring-security-web-5.1.3.RELEASE.jar:5.1.3.RELEASE]
	at org.springframework.web.filter.OncePerRequestFilter.doFilter(OncePerRequestFilter.java:107) ~[spring-web-5.1.4.RELEASE.jar:5.1.4.RELEASE]
	at org.springframework.security.web.FilterChainProxy$VirtualFilterChain.doFilter(FilterChainProxy.java:334) ~[spring-security-web-5.1.3.RELEASE.jar:5.1.3.RELEASE]
	at org.springframework.security.web.context.SecurityContextPersistenceFilter.doFilter(SecurityContextPersistenceFilter.java:105) ~[spring-security-web-5.1.3.RELEASE.jar:5.1.3.RELEASE]
	at org.springframework.security.web.FilterChainProxy$VirtualFilterChain.doFilter(FilterChainProxy.java:334) ~[spring-security-web-5.1.3.RELEASE.jar:5.1.3.RELEASE]
	at org.springframework.security.web.context.request.async.WebAsyncManagerIntegrationFilter.doFilterInternal(WebAsyncManagerIntegrationFilter.java:56) ~[spring-security-web-5.1.3.RELEASE.jar:5.1.3.RELEASE]
	at org.springframework.web.filter.OncePerRequestFilter.doFilter(OncePerRequestFilter.java:107) ~[spring-web-5.1.4.RELEASE.jar:5.1.4.RELEASE]
	at org.springframework.security.web.FilterChainProxy$VirtualFilterChain.doFilter(FilterChainProxy.java:334) ~[spring-security-web-5.1.3.RELEASE.jar:5.1.3.RELEASE]
	at org.springframework.security.web.FilterChainProxy.doFilterInternal(FilterChainProxy.java:215) ~[spring-security-web-5.1.3.RELEASE.jar:5.1.3.RELEASE]
	at org.springframework.security.web.FilterChainProxy.doFilter(FilterChainProxy.java:178) ~[spring-security-web-5.1.3.RELEASE.jar:5.1.3.RELEASE]
	at org.springframework.web.filter.DelegatingFilterProxy.invokeDelegate(DelegatingFilterProxy.java:357) ~[spring-web-5.1.4.RELEASE.jar:5.1.4.RELEASE]
	at org.springframework.web.filter.DelegatingFilterProxy.doFilter(DelegatingFilterProxy.java:270) ~[spring-web-5.1.4.RELEASE.jar:5.1.4.RELEASE]
	at org.springframework.mock.web.MockFilterChain.doFilter(MockFilterChain.java:133) ~[spring-test-5.1.4.RELEASE.jar:5.1.4.RELEASE]
	at org.springframework.web.filter.RequestContextFilter.doFilterInternal(RequestContextFilter.java:99) ~[spring-web-5.1.4.RELEASE.jar:5.1.4.RELEASE]
	at org.springframework.web.filter.OncePerRequestFilter.doFilter(OncePerRequestFilter.java:107) ~[spring-web-5.1.4.RELEASE.jar:5.1.4.RELEASE]
	at org.springframework.mock.web.MockFilterChain.doFilter(MockFilterChain.java:133) ~[spring-test-5.1.4.RELEASE.jar:5.1.4.RELEASE]
	at org.springframework.web.filter.FormContentFilter.doFilterInternal(FormContentFilter.java:92) ~[spring-web-5.1.4.RELEASE.jar:5.1.4.RELEASE]
	at org.springframework.web.filter.OncePerRequestFilter.doFilter(OncePerRequestFilter.java:107) ~[spring-web-5.1.4.RELEASE.jar:5.1.4.RELEASE]
	at org.springframework.mock.web.MockFilterChain.doFilter(MockFilterChain.java:133) ~[spring-test-5.1.4.RELEASE.jar:5.1.4.RELEASE]
	at org.springframework.web.filter.HiddenHttpMethodFilter.doFilterInternal(HiddenHttpMethodFilter.java:93) ~[spring-web-5.1.4.RELEASE.jar:5.1.4.RELEASE]
	at org.springframework.web.filter.OncePerRequestFilter.doFilter(OncePerRequestFilter.java:107) ~[spring-web-5.1.4.RELEASE.jar:5.1.4.RELEASE]
	at org.springframework.mock.web.MockFilterChain.doFilter(MockFilterChain.java:133) ~[spring-test-5.1.4.RELEASE.jar:5.1.4.RELEASE]
	at org.springframework.boot.actuate.metrics.web.servlet.WebMvcMetricsFilter.filterAndRecordMetrics(WebMvcMetricsFilter.java:117) ~[spring-boot-actuator-2.1.2.RELEASE.jar:2.1.2.RELEASE]
	at org.springframework.boot.actuate.metrics.web.servlet.WebMvcMetricsFilter.doFilterInternal(WebMvcMetricsFilter.java:106) ~[spring-boot-actuator-2.1.2.RELEASE.jar:2.1.2.RELEASE]
	at org.springframework.web.filter.OncePerRequestFilter.doFilter(OncePerRequestFilter.java:107) ~[spring-web-5.1.4.RELEASE.jar:5.1.4.RELEASE]
	at org.springframework.mock.web.MockFilterChain.doFilter(MockFilterChain.java:133) ~[spring-test-5.1.4.RELEASE.jar:5.1.4.RELEASE]
	at org.springframework.web.filter.CharacterEncodingFilter.doFilterInternal(CharacterEncodingFilter.java:200) ~[spring-web-5.1.4.RELEASE.jar:5.1.4.RELEASE]
	at org.springframework.web.filter.OncePerRequestFilter.doFilter(OncePerRequestFilter.java:107) ~[spring-web-5.1.4.RELEASE.jar:5.1.4.RELEASE]
	at org.springframework.mock.web.MockFilterChain.doFilter(MockFilterChain.java:133) ~[spring-test-5.1.4.RELEASE.jar:5.1.4.RELEASE]
	at org.springframework.test.web.servlet.MockMvc.perform(MockMvc.java:182) ~[spring-test-5.1.4.RELEASE.jar:5.1.4.RELEASE]
	at com.hajdu.sp.competition.update.controller.CompetitionCommandControllerTest.obtainAccessToken(CompetitionCommandControllerTest.java:68) ~[test/:na]
	at com.hajdu.sp.competition.update.controller.CompetitionCommandControllerTest.testCreateCompetition(CompetitionCommandControllerTest.java:84) ~[test/:na]
	at java.base/jdk.internal.reflect.NativeMethodAccessorImpl.invoke0(Native Method) ~[na:na]
	at java.base/jdk.internal.reflect.NativeMethodAccessorImpl.invoke(NativeMethodAccessorImpl.java:62) ~[na:na]
	at java.base/jdk.internal.reflect.DelegatingMethodAccessorImpl.invoke(DelegatingMethodAccessorImpl.java:43) ~[na:na]
	at java.base/java.lang.reflect.Method.invoke(Method.java:567) ~[na:na]
	at org.junit.runners.model.FrameworkMethod$1.runReflectiveCall(FrameworkMethod.java:50) ~[junit-4.12.jar:4.12]
	at org.junit.internal.runners.model.ReflectiveCallable.run(ReflectiveCallable.java:12) ~[junit-4.12.jar:4.12]
	at org.junit.runners.model.FrameworkMethod.invokeExplosively(FrameworkMethod.java:47) ~[junit-4.12.jar:4.12]
	at org.junit.internal.runners.statements.InvokeMethod.evaluate(InvokeMethod.java:17) ~[junit-4.12.jar:4.12]
	at org.springframework.test.context.junit4.statements.RunBeforeTestExecutionCallbacks.evaluate(RunBeforeTestExecutionCallbacks.java:74) ~[spring-test-5.1.4.RELEASE.jar:5.1.4.RELEASE]
	at org.springframework.test.context.junit4.statements.RunAfterTestExecutionCallbacks.evaluate(RunAfterTestExecutionCallbacks.java:84) ~[spring-test-5.1.4.RELEASE.jar:5.1.4.RELEASE]
	at org.springframework.test.context.junit4.statements.RunBeforeTestMethodCallbacks.evaluate(RunBeforeTestMethodCallbacks.java:75) ~[spring-test-5.1.4.RELEASE.jar:5.1.4.RELEASE]
	at org.springframework.test.context.junit4.statements.RunAfterTestMethodCallbacks.evaluate(RunAfterTestMethodCallbacks.java:86) ~[spring-test-5.1.4.RELEASE.jar:5.1.4.RELEASE]
	at org.springframework.test.context.junit4.statements.SpringRepeat.evaluate(SpringRepeat.java:84) ~[spring-test-5.1.4.RELEASE.jar:5.1.4.RELEASE]
	at org.junit.runners.ParentRunner.runLeaf(ParentRunner.java:325) ~[junit-4.12.jar:4.12]
	at org.springframework.test.context.junit4.SpringJUnit4ClassRunner.runChild(SpringJUnit4ClassRunner.java:251) ~[spring-test-5.1.4.RELEASE.jar:5.1.4.RELEASE]
	at org.springframework.test.context.junit4.SpringJUnit4ClassRunner.runChild(SpringJUnit4ClassRunner.java:97) ~[spring-test-5.1.4.RELEASE.jar:5.1.4.RELEASE]
	at org.junit.runners.ParentRunner$3.run(ParentRunner.java:290) ~[junit-4.12.jar:4.12]
	at org.junit.runners.ParentRunner$1.schedule(ParentRunner.java:71) ~[junit-4.12.jar:4.12]
	at org.junit.runners.ParentRunner.runChildren(ParentRunner.java:288) ~[junit-4.12.jar:4.12]
	at org.junit.runners.ParentRunner.access$000(ParentRunner.java:58) ~[junit-4.12.jar:4.12]
	at org.junit.runners.ParentRunner$2.evaluate(ParentRunner.java:268) ~[junit-4.12.jar:4.12]
	at org.springframework.test.context.junit4.statements.RunBeforeTestClassCallbacks.evaluate(RunBeforeTestClassCallbacks.java:61) ~[spring-test-5.1.4.RELEASE.jar:5.1.4.RELEASE]
	at org.springframework.test.context.junit4.statements.RunAfterTestClassCallbacks.evaluate(RunAfterTestClassCallbacks.java:70) ~[spring-test-5.1.4.RELEASE.jar:5.1.4.RELEASE]
	at org.junit.runners.ParentRunner.run(ParentRunner.java:363) ~[junit-4.12.jar:4.12]
	at org.springframework.test.context.junit4.SpringJUnit4ClassRunner.run(SpringJUnit4ClassRunner.java:190) ~[spring-test-5.1.4.RELEASE.jar:5.1.4.RELEASE]
	at org.gradle.api.internal.tasks.testing.junit.JUnitTestClassExecutor.runTestClass(JUnitTestClassExecutor.java:110) ~[na:na]
	at org.gradle.api.internal.tasks.testing.junit.JUnitTestClassExecutor.execute(JUnitTestClassExecutor.java:58) ~[na:na]
	at org.gradle.api.internal.tasks.testing.junit.JUnitTestClassExecutor.execute(JUnitTestClassExecutor.java:38) ~[na:na]
	at org.gradle.api.internal.tasks.testing.junit.AbstractJUnitTestClassProcessor.processTestClass(AbstractJUnitTestClassProcessor.java:62) ~[na:na]
	at org.gradle.api.internal.tasks.testing.SuiteTestClassProcessor.processTestClass(SuiteTestClassProcessor.java:51) ~[na:na]
	at java.base/jdk.internal.reflect.NativeMethodAccessorImpl.invoke0(Native Method) ~[na:na]
	at java.base/jdk.internal.reflect.NativeMethodAccessorImpl.invoke(NativeMethodAccessorImpl.java:62) ~[na:na]
	at java.base/jdk.internal.reflect.DelegatingMethodAccessorImpl.invoke(DelegatingMethodAccessorImpl.java:43) ~[na:na]
	at java.base/java.lang.reflect.Method.invoke(Method.java:567) ~[na:na]
	at org.gradle.internal.dispatch.ReflectionDispatch.dispatch(ReflectionDispatch.java:36) ~[na:na]
	at org.gradle.internal.dispatch.ReflectionDispatch.dispatch(ReflectionDispatch.java:24) ~[na:na]
	at org.gradle.internal.dispatch.ContextClassLoaderDispatch.dispatch(ContextClassLoaderDispatch.java:33) ~[na:na]
	at org.gradle.internal.dispatch.ProxyDispatchAdapter$DispatchingInvocationHandler.invoke(ProxyDispatchAdapter.java:94) ~[na:na]
	at com.sun.proxy.$Proxy2.processTestClass(Unknown Source) ~[na:na]
	at org.gradle.api.internal.tasks.testing.worker.TestWorker.processTestClass(TestWorker.java:118) ~[na:na]
	at java.base/jdk.internal.reflect.NativeMethodAccessorImpl.invoke0(Native Method) ~[na:na]
	at java.base/jdk.internal.reflect.NativeMethodAccessorImpl.invoke(NativeMethodAccessorImpl.java:62) ~[na:na]
	at java.base/jdk.internal.reflect.DelegatingMethodAccessorImpl.invoke(DelegatingMethodAccessorImpl.java:43) ~[na:na]
	at java.base/java.lang.reflect.Method.invoke(Method.java:567) ~[na:na]
	at org.gradle.internal.dispatch.ReflectionDispatch.dispatch(ReflectionDispatch.java:36) ~[na:na]
	at org.gradle.internal.dispatch.ReflectionDispatch.dispatch(ReflectionDispatch.java:24) ~[na:na]
	at org.gradle.internal.remote.internal.hub.MessageHubBackedObjectConnection$DispatchWrapper.dispatch(MessageHubBackedObjectConnection.java:182) ~[na:na]
	at org.gradle.internal.remote.internal.hub.MessageHubBackedObjectConnection$DispatchWrapper.dispatch(MessageHubBackedObjectConnection.java:164) ~[na:na]
	at org.gradle.internal.remote.internal.hub.MessageHub$Handler.run(MessageHub.java:412) ~[na:na]
	at org.gradle.internal.concurrent.ExecutorPolicy$CatchAndRecordFailures.onExecute(ExecutorPolicy.java:64) ~[na:na]
	at org.gradle.internal.concurrent.ManagedExecutorImpl$1.run(ManagedExecutorImpl.java:48) ~[na:na]
	at java.base/java.util.concurrent.ThreadPoolExecutor.runWorker(ThreadPoolExecutor.java:1128) ~[na:na]
	at java.base/java.util.concurrent.ThreadPoolExecutor$Worker.run(ThreadPoolExecutor.java:628) ~[na:na]
	at org.gradle.internal.concurrent.ThreadFactoryImpl$ManagedThreadRunnable.run(ThreadFactoryImpl.java:56) ~[na:na]
	at java.base/java.lang.Thread.run(Thread.java:835) ~[na:na]

2019-08-28 16:17:47.672 DEBUG 10048 --- [    Test worker] o.s.s.w.a.ExceptionTranslationFilter     : Calling Authentication entry point.
2019-08-28 16:17:47.702 DEBUG 10048 --- [    Test worker] o.s.s.w.header.writers.HstsHeaderWriter  : Not injecting HSTS header since it did not match the requestMatcher org.springframework.security.web.header.writers.HstsHeaderWriter$SecureRequestMatcher@83114fa
2019-08-28 16:17:47.703 DEBUG 10048 --- [    Test worker] s.s.o.p.e.DefaultOAuth2ExceptionRenderer : Written [error="unauthorized", error_description="Full authentication is required to access this resource"] as "application/json;charset=UTF-8" using [org.springframework.http.converter.json.MappingJackson2HttpMessageConverter@346e686a]
2019-08-28 16:17:47.703 DEBUG 10048 --- [    Test worker] s.s.w.c.SecurityContextPersistenceFilter : SecurityContextHolder now cleared, as request processing completed

MockHttpServletRequest:
      HTTP Method = POST
      Request URI = /oauth/token
       Parameters = {grant_type=[password], username=[dummyUser], password=[dummyPassword], scope=[read]}
          Headers = [Authorization:"Basic b2F1dGg6b2F1dGg=", Accept:"application/json;charset=UTF-8"]
             Body = null
    Session Attrs = {}

Handler:
             Type = null

Async:
    Async started = false
     Async result = null

Resolved Exception:
             Type = null

ModelAndView:
        View name = null
             View = null
            Model = null

FlashMap:
       Attributes = null

MockHttpServletResponse:
           Status = 401
    Error message = null
          Headers = [Pragma:"no-cache", WWW-Authenticate:"Bearer realm="null", error="unauthorized", error_description="Full authentication is required to access this resource"", Cache-Control:"no-store", Content-Type:"application/json;charset=UTF-8", X-Content-Type-Options:"nosniff", X-XSS-Protection:"1; mode=block", X-Frame-Options:"DENY"]
     Content type = application/json;charset=UTF-8
             Body = {"error":"unauthorized","error_description":"Full authentication is required to access this resource"}
    Forwarded URL = null
   Redirected URL = null
          Cookies = []
]]></system-out>
  <system-err><![CDATA[Loading class `com.mysql.jdbc.Driver'. This is deprecated. The new driver class is `com.mysql.cj.jdbc.Driver'. The driver is automatically registered via the SPI and manual loading of the driver class is generally unnecessary.
]]></system-err>
</testsuite>
